Compiling the CXX compiler identification source file "CMakeCXXCompilerId.cpp" failed.
Compiler: C:/minigw64/mingw64/bin/cmd.exe 
Build flags: 
Id flags:  

The output was:
Не удается найти указанный файл


Compiling the CXX compiler identification source file "CMakeCXXCompilerId.cpp" failed.
Compiler: C:/minigw64/mingw64/bin/cmd.exe 
Build flags: 
Id flags: -c 

The output was:
Не удается найти указанный файл


Compiling the CXX compiler identification source file "CMakeCXXCompilerId.cpp" failed.
Compiler: C:/minigw64/mingw64/bin/cmd.exe 
Build flags: 
Id flags: --c++ 

The output was:
Не удается найти указанный файл


Compiling the CXX compiler identification source file "CMakeCXXCompilerId.cpp" failed.
Compiler: C:/minigw64/mingw64/bin/cmd.exe 
Build flags: 
Id flags: --ec++ 

The output was:
Не удается найти указанный файл


Compiling the CXX compiler identification source file "CMakeCXXCompilerId.cpp" failed.
Compiler: C:/minigw64/mingw64/bin/cmd.exe 
Build flags: 
Id flags: --target=arm-arm-none-eabi;-mcpu=cortex-m3 

The output was:
Не удается найти указанный файл


Compiling the CXX compiler identification source file "CMakeCXXCompilerId.cpp" failed.
Compiler: C:/minigw64/mingw64/bin/cmd.exe 
Build flags: 
Id flags:  

The output was:
Не удается найти указанный файл


Compiling the CXX compiler identification source file "CMakeCXXCompilerId.cpp" failed.
Compiler: C:/minigw64/mingw64/bin/cmd.exe 
Build flags: 
Id flags: -c 

The output was:
Не удается найти указанный файл


Compiling the CXX compiler identification source file "CMakeCXXCompilerId.cpp" failed.
Compiler: C:/minigw64/mingw64/bin/cmd.exe 
Build flags: 
Id flags: --c++ 

The output was:
Не удается найти указанный файл


Compiling the CXX compiler identification source file "CMakeCXXCompilerId.cpp" failed.
Compiler: C:/minigw64/mingw64/bin/cmd.exe 
Build flags: 
Id flags: --ec++ 

The output was:
Не удается найти указанный файл


Compiling the CXX compiler identification source file "CMakeCXXCompilerId.cpp" failed.
Compiler: C:/minigw64/mingw64/bin/cmd.exe 
Build flags: 
Id flags: --target=arm-arm-none-eabi;-mcpu=cortex-m3 

The output was:
Не удается найти указанный файл


Checking whether the CXX compiler is IAR using "" did not match "IAR .+ Compiler":
Checking whether the CXX compiler is IAR using "" did not match "IAR .+ Compiler":
